<?xml version="1.0" encoding="UTF-8"?>
<!-- Generated by org.testng.reporters.JUnitReportReporter -->
<testsuite hostname="HW2186" name="TestFirefoxlauncher" tests="2" failures="0" timestamp="17 Aug 2016 10:43:23 GMT" time="19.582" errors="0">
  <testcase name="browserLauncher" time="19.440" classname="TestFirefoxlauncher"/>
  <testcase name="searchTheWord" time="0.142" classname="TestFirefoxlauncher"/>
</testsuite> <!-- TestFirefoxlauncher -->
